<?xml version="1.0" encoding="UTF-8"?>
<!-- Generated by org.testng.reporters.JUnitXMLReporter -->
<testsuite ignored="0" hostname="macbook-air-fx.home" failures="0" tests="6" name="Default test" time="0.111" errors="0" timestamp="2022-02-07T13:19:01 CET">
  <testcase classname="Maven.SeleniumTest" name="iosApp" time="0.01"/>
  <testcase classname="Maven.SeleniumTest" name="nativeApp" time="0.002"/>
  <testcase classname="Maven.AppiumTest" name="BrowserAutomation" time="0.006"/>
  <testcase classname="Maven.AppiumTest" name="ElementsUI" time="0.002"/>
  <testcase classname="Maven.RestAPI" name="deleteTwitter" time="0.003"/>
  <testcase classname="Maven.RestAPI" name="postJira" time="0.002"/>
</testsuite> <!-- Default test -->
