<?xml version="1.0" encoding="UTF-8"?>
<testng-results ignored="0" total="5" passed="5" failed="0" skipped="0">
  <reporter-output>
  </reporter-output>
  <suite started-at="2022-02-07T13:36:16 CET" name="Suite" finished-at="2022-02-07T13:36:16 CET" duration-ms="56">
    <groups>
    </groups>
    <test started-at="2022-02-07T13:36:16 CET" name="Test" finished-at="2022-02-07T13:36:16 CET" duration-ms="56">
      <class name="Maven.AppTest">
        <test-method signature="shouldAnswerWithTrue()[pri:0, instance:Maven.AppTest@6fa34d52]" started-at="2022-02-07T13:36:16 CET" name="shouldAnswerWithTrue" finished-at="2022-02-07T13:36:16 CET" duration-ms="3" status="PASS">
          <reporter-output>
          </reporter-output>
        </test-method> <!-- shouldAnswerWithTrue -->
      </class> <!-- Maven.AppTest -->
      <class name="Maven.SeleniumTest">
        <test-method signature="iosApp()[pri:0, instance:Maven.SeleniumTest@125290e5]" started-at="2022-02-07T13:36:16 CET" name="iosApp" finished-at="2022-02-07T13:36:16 CET" duration-ms="0" status="PASS">
          <reporter-output>
          </reporter-output>
        </test-method> <!-- iosApp -->
        <test-method signature="nativeApp()[pri:0, instance:Maven.SeleniumTest@125290e5]" started-at="2022-02-07T13:36:16 CET" name="nativeApp" finished-at="2022-02-07T13:36:16 CET" duration-ms="0" status="PASS">
          <reporter-output>
          </reporter-output>
        </test-method> <!-- nativeApp -->
      </class> <!-- Maven.SeleniumTest -->
      <class name="Maven.AppiumTest">
        <test-method signature="BrowserAutomation()[pri:0, instance:Maven.AppiumTest@1722011b]" started-at="2022-02-07T13:36:16 CET" name="BrowserAutomation" finished-at="2022-02-07T13:36:16 CET" duration-ms="6" status="PASS">
          <reporter-output>
          </reporter-output>
        </test-method> <!-- BrowserAutomation -->
        <test-method signature="ElementsUI()[pri:0, instance:Maven.AppiumTest@1722011b]" started-at="2022-02-07T13:36:16 CET" name="ElementsUI" finished-at="2022-02-07T13:36:16 CET" duration-ms="1" status="PASS">
          <reporter-output>
          </reporter-output>
        </test-method> <!-- ElementsUI -->
      </class> <!-- Maven.AppiumTest -->
    </test> <!-- Test -->
  </suite> <!-- Suite -->
</testng-results>
