<?xml version="1.0" encoding="UTF-8"?>
<testsuite xmlns:xsi="http://www.w3.org/2001/XMLSchema-instance" xsi:noNamespaceSchemaLocation="https://maven.apache.org/surefire/maven-surefire-plugin/xsd/surefire-test-report-3.0.xsd" version="3.0" name="TestSuite" time="0.937" tests="5" errors="0" skipped="0" failures="0">
  <properties>
[...]
</properties>
  <testcase name="BrowserAutomation" classname="Maven.AppiumTest" time="0">
    <system-out><![CDATA[13:36:16,207 |-INFO in ch.qos.logback.classic.LoggerContext[default] - Could NOT find resource [logback.groovy]
13:36:16,208 |-INFO in ch.qos.logback.classic.LoggerContext[default] - Could NOT find resource [logback-test.xml]
13:36:16,210 |-INFO in ch.qos.logback.classic.LoggerContext[default] - Found resource [logback.xml] at [jar:file:/Users/fxnazao/.m2/repository/com/comcast/magic-wand/core/4.0.3/core-4.0.3.jar!/logback.xml]
13:36:16,259 |-INFO in ch.qos.logback.core.joran.spi.ConfigurationWatchList@f5acb9d - URL [jar:file:/Users/fxnazao/.m2/repository/com/comcast/magic-wand/core/4.0.3/core-4.0.3.jar!/logback.xml] is not of type file
13:36:16,413 |-INFO in ch.qos.logback.classic.joran.action.ConfigurationAction - debug attribute not set
13:36:16,436 |-INFO in ch.qos.logback.core.joran.action.AppenderAction - About to instantiate appender of type [ch.qos.logback.core.ConsoleAppender]
13:36:16,440 |-INFO in ch.qos.logback.core.joran.action.AppenderAction - Naming appender as [A1]
13:36:16,503 |-ERROR in ch.qos.logback.core.joran.spi.Interpreter@23:17 - no applicable action for [follow], current ElementPath  is [[configuration][appender][follow]]
13:36:16,505 |-INFO in ch.qos.logback.core.joran.action.NestedComplexPropertyIA - Assuming default type [ch.qos.logback.classic.encoder.PatternLayoutEncoder] for [encoder] property
13:36:16,557 |-INFO in ch.qos.logback.classic.joran.action.LoggerAction - Setting level of logger [org.apache] to ERROR
13:36:16,557 |-INFO in ch.qos.logback.classic.joran.action.LoggerAction - Setting level of logger [httpclient.wire] to ERROR
13:36:16,557 |-INFO in ch.qos.logback.classic.joran.action.RootLoggerAction - Setting level of ROOT logger to DEBUG
13:36:16,557 |-INFO in ch.qos.logback.core.joran.action.AppenderRefAction - Attaching appender named [A1] to Logger[ROOT]
13:36:16,558 |-INFO in ch.qos.logback.classic.joran.action.ConfigurationAction - End of configuration.
13:36:16,560 |-INFO in ch.qos.logback.classic.joran.JoranConfigurator@4fb3ee4e - Registering current configuration as safe fallback point

[MagicWand-DEBUG](main) org.testng.TestNG - suiteXmlPath: "/Users/fxnazao/eclipse-workspace/maven/testng.xml"
[MagicWand-DEBUG](main) org.testng.internal.Graph - [Graph] ADDING NODE AppiumTest.BrowserAutomation()[pri:0, instance:Maven.AppiumTest@1722011b] 1350507538
[MagicWand-DEBUG](main) org.testng.internal.Graph - [Graph] ADDING NODE AppiumTest.ElementsUI()[pri:0, instance:Maven.AppiumTest@1722011b] -1857496386
[MagicWand-DEBUG](main) org.testng.internal.Graph - [Graph] ADDING NODE SeleniumTest.iosApp()[pri:0, instance:Maven.SeleniumTest@125290e5] 558730111
[MagicWand-DEBUG](main) org.testng.internal.Graph - [Graph] ADDING NODE SeleniumTest.nativeApp()[pri:0, instance:Maven.SeleniumTest@125290e5] -320659091
[MagicWand-DEBUG](main) org.testng.internal.Graph - [Graph] ADDING NODE AppTest.shouldAnswerWithTrue()[pri:0, instance:Maven.AppTest@6fa34d52] -1258194338
[MagicWand-DEBUG](main) org.testng.internal.Graph - [Graph] ================ SORTING
[MagicWand-DEBUG](main) org.testng.internal.Graph - [Graph] =============== DONE SORTING
[MagicWand-DEBUG](main) org.testng.internal.Graph - [Graph] ====== SORTED NODES
[MagicWand-DEBUG](main) org.testng.internal.Graph - [Graph] ====== END SORTED NODES
browserAutomation
]]></system-out>
  </testcase>
  <testcase name="ElementsUI" classname="Maven.AppiumTest" time="0.002">
    <system-out><![CDATA[UI Elements
]]></system-out>
  </testcase>
  <testcase name="iosApp" classname="Maven.SeleniumTest" time="0">
    <system-out><![CDATA[ios app is working
]]></system-out>
  </testcase>
  <testcase name="nativeApp" classname="Maven.SeleniumTest" time="0">
    <system-out><![CDATA[Native app is working
]]></system-out>
  </testcase>
  <testcase name="shouldAnswerWithTrue" classname="Maven.AppTest" time="0.001"/>
</testsuite>