<?xml version="1.0" encoding="UTF-8"?>
<testng-results ignored="0" total="1" passed="1" failed="0" skipped="0">
  <reporter-output>
  </reporter-output>
  <suite started-at="2022-02-07T12:49:03 CET" name="Surefire suite" finished-at="2022-02-07T12:49:03 CET" duration-ms="128">
    <groups>
    </groups>
    <test started-at="2022-02-07T12:49:03 CET" name="Surefire test" finished-at="2022-02-07T12:49:03 CET" duration-ms="128">
      <class name="Maven.AppTest">
        <test-method signature="shouldAnswerWithTrue()" started-at="2022-02-07T12:49:03 CET" name="shouldAnswerWithTrue" finished-at="2022-02-07T12:49:03 CET" duration-ms="11" status="PASS">
          <reporter-output>
          </reporter-output>
        </test-method> <!-- shouldAnswerWithTrue -->
      </class> <!-- Maven.AppTest -->
    </test> <!-- Surefire test -->
  </suite> <!-- Surefire suite -->
</testng-results>
