<?xml version="1.0" encoding="UTF-8"?>
<testng-results ignored="0" total="6" passed="6" failed="0" skipped="0">
  <reporter-output>
  </reporter-output>
  <suite started-at="2022-02-07T13:19:01 CET" name="Default suite" finished-at="2022-02-07T13:19:01 CET" duration-ms="111">
    <groups>
    </groups>
    <test started-at="2022-02-07T13:19:01 CET" name="Default test" finished-at="2022-02-07T13:19:01 CET" duration-ms="111">
      <class name="Maven.SeleniumTest">
        <test-method signature="iosApp()[pri:0, instance:Maven.SeleniumTest@428640fa]" started-at="2022-02-07T13:19:01 CET" name="iosApp" finished-at="2022-02-07T13:19:01 CET" duration-ms="10" status="PASS">
          <reporter-output>
          </reporter-output>
        </test-method> <!-- iosApp -->
        <test-method signature="nativeApp()[pri:0, instance:Maven.SeleniumTest@428640fa]" started-at="2022-02-07T13:19:01 CET" name="nativeApp" finished-at="2022-02-07T13:19:01 CET" duration-ms="2" status="PASS">
          <reporter-output>
          </reporter-output>
        </test-method> <!-- nativeApp -->
      </class> <!-- Maven.SeleniumTest -->
      <class name="Maven.AppiumTest">
        <test-method signature="BrowserAutomation()[pri:0, instance:Maven.AppiumTest@4d5650ae]" started-at="2022-02-07T13:19:01 CET" name="BrowserAutomation" finished-at="2022-02-07T13:19:01 CET" duration-ms="6" status="PASS">
          <reporter-output>
          </reporter-output>
        </test-method> <!-- BrowserAutomation -->
        <test-method signature="ElementsUI()[pri:0, instance:Maven.AppiumTest@4d5650ae]" started-at="2022-02-07T13:19:01 CET" name="ElementsUI" finished-at="2022-02-07T13:19:01 CET" duration-ms="2" status="PASS">
          <reporter-output>
          </reporter-output>
        </test-method> <!-- ElementsUI -->
      </class> <!-- Maven.AppiumTest -->
      <class name="Maven.RestAPI">
        <test-method signature="deleteTwitter()[pri:0, instance:Maven.RestAPI@a38c7fe]" started-at="2022-02-07T13:19:01 CET" name="deleteTwitter" finished-at="2022-02-07T13:19:01 CET" duration-ms="3" status="PASS">
          <reporter-output>
          </reporter-output>
        </test-method> <!-- deleteTwitter -->
        <test-method signature="postJira()[pri:0, instance:Maven.RestAPI@a38c7fe]" started-at="2022-02-07T13:19:01 CET" name="postJira" finished-at="2022-02-07T13:19:01 CET" duration-ms="2" status="PASS">
          <reporter-output>
          </reporter-output>
        </test-method> <!-- postJira -->
      </class> <!-- Maven.RestAPI -->
    </test> <!-- Default test -->
  </suite> <!-- Default suite -->
</testng-results>
