<?xml version="1.0" encoding="UTF-8"?>
<!-- Generated by org.testng.reporters.JUnitXMLReporter -->
<testsuite ignored="0" hostname="macbook-air-fx.home" failures="0" tests="4" name="Surefire test" time="0.068" errors="0" timestamp="2022-02-07T12:49:03 CET">
  <testcase classname="Maven.AppiumTest" name="BrowserAutomation" time="0.009"/>
  <testcase classname="Maven.AppiumTest" name="ElementsUI" time="0.001"/>
  <testcase classname="Maven.SeleniumTest" name="iosApp" time="0.001"/>
  <testcase classname="Maven.SeleniumTest" name="nativeApp" time="0.001"/>
</testsuite> <!-- Surefire test -->
