<?xml version="1.0" encoding="UTF-8"?>
<testng-results ignored="0" total="4" passed="4" failed="0" skipped="0">
  <reporter-output>
  </reporter-output>
  <suite started-at="2022-02-07T12:49:03 CET" name="Surefire suite" finished-at="2022-02-07T12:49:03 CET" duration-ms="68">
    <groups>
    </groups>
    <test started-at="2022-02-07T12:49:03 CET" name="Surefire test" finished-at="2022-02-07T12:49:03 CET" duration-ms="68">
      <class name="Maven.SeleniumTest">
        <test-method signature="iosApp()[pri:0, instance:Maven.SeleniumTest@2d9caaeb]" started-at="2022-02-07T12:49:03 CET" name="iosApp" finished-at="2022-02-07T12:49:03 CET" duration-ms="1" status="PASS">
          <reporter-output>
          </reporter-output>
        </test-method> <!-- iosApp -->
        <test-method signature="nativeApp()[pri:0, instance:Maven.SeleniumTest@2d9caaeb]" started-at="2022-02-07T12:49:03 CET" name="nativeApp" finished-at="2022-02-07T12:49:03 CET" duration-ms="1" status="PASS">
          <reporter-output>
          </reporter-output>
        </test-method> <!-- nativeApp -->
      </class> <!-- Maven.SeleniumTest -->
      <class name="Maven.AppiumTest">
        <test-method signature="BrowserAutomation()[pri:0, instance:Maven.AppiumTest@3b79fd76]" started-at="2022-02-07T12:49:03 CET" name="BrowserAutomation" finished-at="2022-02-07T12:49:03 CET" duration-ms="9" status="PASS">
          <reporter-output>
          </reporter-output>
        </test-method> <!-- BrowserAutomation -->
        <test-method signature="ElementsUI()[pri:0, instance:Maven.AppiumTest@3b79fd76]" started-at="2022-02-07T12:49:03 CET" name="ElementsUI" finished-at="2022-02-07T12:49:03 CET" duration-ms="1" status="PASS">
          <reporter-output>
          </reporter-output>
        </test-method> <!-- ElementsUI -->
      </class> <!-- Maven.AppiumTest -->
    </test> <!-- Surefire test -->
  </suite> <!-- Surefire suite -->
</testng-results>
