<?xml version="1.0" encoding="UTF-8"?>
<!-- Generated by org.testng.reporters.JUnitXMLReporter -->
<testsuite ignored="0" hostname="macbook-air-fx.home" failures="0" tests="5" name="Test" time="0.056" errors="0" timestamp="2022-02-07T13:36:16 CET">
  <testcase classname="Maven.AppiumTest" name="BrowserAutomation" time="0.006"/>
  <testcase classname="Maven.AppiumTest" name="ElementsUI" time="0.001"/>
  <testcase classname="Maven.SeleniumTest" name="iosApp" time="0.0"/>
  <testcase classname="Maven.SeleniumTest" name="nativeApp" time="0.0"/>
  <testcase classname="Maven.AppTest" name="shouldAnswerWithTrue" time="0.003"/>
</testsuite> <!-- Test -->
